0 info it worked if it ends with ok
1 verbose cli [ 'C:\\Program Files\\nodejs\\node.exe',
1 verbose cli   'C:\\Users\\Alexander\\AppData\\Roaming\\npm\\node_modules\\npm\\bin\\npm-cli.js',
1 verbose cli   'install',
1 verbose cli   '-g',
1 verbose cli   'babel' ]
2 info using npm@2.11.2
3 info using node@v4.0.0
4 verbose install initial load of C:\Program Files\nodejs\package.json
5 verbose readDependencies loading dependencies from C:\Program Files\nodejs\package.json
6 silly cache add args [ 'babel', null ]
7 verbose cache add spec babel
8 silly cache add parsed spec Result {
8 silly cache add   raw: 'babel',
8 silly cache add   scope: null,
8 silly cache add   name: 'babel',
8 silly cache add   rawSpec: '',
8 silly cache add   spec: '*',
8 silly cache add   type: 'range' }
9 silly addNamed babel@*
10 verbose addNamed "*" is a valid semver range for babel
11 silly addNameRange { name: 'babel', range: '*', hasData: false }
12 silly mapToRegistry name babel
13 silly mapToRegistry using default registry
14 silly mapToRegistry registry https://registry.npmjs.org/
15 silly mapToRegistry uri https://registry.npmjs.org/babel
16 verbose addNameRange registry:https://registry.npmjs.org/babel not in flight; fetching
17 verbose request uri https://registry.npmjs.org/babel
18 verbose request no auth needed
19 info attempt registry request try #1 at 17:49:39
20 verbose request id dcd4166d3eb15722
21 verbose etag "A95DCIOOCOXMID33HT2G8ILH7"
22 http request GET https://registry.npmjs.org/babel
23 http 200 https://registry.npmjs.org/babel
24 silly get cb [ 200,
24 silly get   { server: 'CouchDB/1.5.0 (Erlang OTP/R16B03)',
24 silly get     etag: '"4CZXB9WUGVPKZNM4BPESV6W61"',
24 silly get     'content-type': 'application/json',
24 silly get     'cache-control': 'max-age=60',
24 silly get     'content-length': '209679',
24 silly get     'accept-ranges': 'bytes',
24 silly get     date: 'Mon, 28 Sep 2015 17:49:31 GMT',
24 silly get     via: '1.1 varnish',
24 silly get     age: '54',
24 silly get     connection: 'keep-alive',
24 silly get     'x-served-by': 'cache-fra1221-FRA',
24 silly get     'x-cache': 'HIT',
24 silly get     'x-cache-hits': '1',
24 silly get     'x-timer': 'S1443462571.646951,VS0,VE1',
24 silly get     vary: 'Accept' } ]
25 verbose get saving babel to C:\Users\Alexander\AppData\Roaming\npm-cache\registry.npmjs.org\babel\.cache.json
26 silly addNameRange number 2 { name: 'babel', range: '*', hasData: true }
27 silly addNameRange versions [ 'babel',
27 silly addNameRange   [ '0.0.1',
27 silly addNameRange     '4.0.1',
27 silly addNameRange     '4.0.2',
27 silly addNameRange     '4.1.1',
27 silly addNameRange     '4.2.0',
27 silly addNameRange     '4.2.1',
27 silly addNameRange     '4.3.0',
27 silly addNameRange     '4.4.1',
27 silly addNameRange     '4.4.2',
27 silly addNameRange     '4.4.3',
27 silly addNameRange     '4.4.4',
27 silly addNameRange     '4.4.5',
27 silly addNameRange     '4.4.6',
27 silly addNameRange     '4.5.0',
27 silly addNameRange     '4.5.1',
27 silly addNameRange     '4.5.2',
27 silly addNameRange     '4.5.3',
27 silly addNameRange     '4.5.4',
27 silly addNameRange     '4.5.5',
27 silly addNameRange     '4.6.0',
27 silly addNameRange     '4.6.1',
27 silly addNameRange     '4.6.3',
27 silly addNameRange     '4.6.4',
27 silly addNameRange     '4.6.5',
27 silly addNameRange     '4.6.6',
27 silly addNameRange     '4.7.0',
27 silly addNameRange     '4.7.1',
27 silly addNameRange     '4.7.2',
27 silly addNameRange     '4.7.3',
27 silly addNameRange     '4.7.4',
27 silly addNameRange     '4.7.5',
27 silly addNameRange     '4.7.6',
27 silly addNameRange     '4.7.7',
27 silly addNameRange     '4.7.8',
27 silly addNameRange     '4.7.9',
27 silly addNameRange     '4.7.10',
27 silly addNameRange     '4.7.11',
27 silly addNameRange     '4.7.12',
27 silly addNameRange     '4.7.13',
27 silly addNameRange     '4.7.14',
27 silly addNameRange     '4.7.15',
27 silly addNameRange     '4.7.16',
27 silly addNameRange     '5.0.0-beta2',
27 silly addNameRange     '5.0.0-beta3',
27 silly addNameRange     '5.0.0-beta4',
27 silly addNameRange     '5.0.0',
27 silly addNameRange     '5.0.1',
27 silly addNameRange     '5.0.2',
27 silly addNameRange     '5.0.3',
27 silly addNameRange     '5.0.4',
27 silly addNameRange     '5.0.5',
27 silly addNameRange     '5.0.6',
27 silly addNameRange     '5.0.7',
27 silly addNameRange     '5.0.8',
27 silly addNameRange     '5.0.9',
27 silly addNameRange     '5.0.10',
27 silly addNameRange     '5.0.11',
27 silly addNameRange     '5.0.12',
27 silly addNameRange     '5.0.13',
27 silly addNameRange     '5.1.0',
27 silly addNameRange     '5.1.1',
27 silly addNameRange     '5.1.2',
27 silly addNameRange     '5.1.3',
27 silly addNameRange     '5.1.4',
27 silly addNameRange     '5.1.5',
27 silly addNameRange     '5.1.6',
27 silly addNameRange     '5.1.7',
27 silly addNameRange     '5.1.8',
27 silly addNameRange     '5.1.9',
27 silly addNameRange     '5.1.10',
27 silly addNameRange     '5.1.11',
27 silly addNameRange     '5.1.12',
27 silly addNameRange     '5.1.13',
27 silly addNameRange     '5.2.0',
27 silly addNameRange     '5.2.1',
27 silly addNameRange     '5.2.2',
27 silly addNameRange     '5.2.3',
27 silly addNameRange     '5.2.4',
27 silly addNameRange     '5.2.5',
27 silly addNameRange     '5.2.6',
27 silly addNameRange     '5.2.7',
27 silly addNameRange     '5.2.9',
27 silly addNameRange     '5.2.10',
27 silly addNameRange     '5.2.11',
27 silly addNameRange     '5.2.12',
27 silly addNameRange     '5.2.13',
27 silly addNameRange     '5.2.14',
27 silly addNameRange     '5.2.15',
27 silly addNameRange     '5.2.16',
27 silly addNameRange     '5.2.17',
27 silly addNameRange     '5.3.0',
27 silly addNameRange     '5.3.1',
27 silly addNameRange     '5.3.2',
27 silly addNameRange     '5.3.3',
27 silly addNameRange     '5.4.0',
27 silly addNameRange     '5.4.1',
27 silly addNameRange     '5.4.2',
27 silly addNameRange     '5.4.3',
27 silly addNameRange     '5.4.4',
27 silly addNameRange     '5.4.5',
27 silly addNameRange     '5.4.6',
27 silly addNameRange     '5.4.7',
27 silly addNameRange     '5.5.0',
27 silly addNameRange     '5.5.1',
27 silly addNameRange     '5.5.2',
27 silly addNameRange     '5.5.3',
27 silly addNameRange     '5.5.4',
27 silly addNameRange     '5.5.5',
27 silly addNameRange     '5.5.6',
27 silly addNameRange     '5.5.7',
27 silly addNameRange     '5.5.8',
27 silly addNameRange     '5.6.1',
27 silly addNameRange     '5.6.2',
27 silly addNameRange     '5.6.3',
27 silly addNameRange     '5.6.4',
27 silly addNameRange     '5.6.5',
27 silly addNameRange     '5.6.6',
27 silly addNameRange     '5.6.7',
27 silly addNameRange     '5.6.10',
27 silly addNameRange     '5.6.11',
27 silly addNameRange     '5.6.12',
27 silly addNameRange     '5.6.14',
27 silly addNameRange     '5.6.23',
27 silly addNameRange     '5.8.2',
27 silly addNameRange     '5.8.3',
27 silly addNameRange     '5.8.5',
27 silly addNameRange     '5.8.6',
27 silly addNameRange     '5.8.8',
27 silly addNameRange     '5.8.9',
27 silly addNameRange     '5.8.12',
27 silly addNameRange     '5.8.19',
27 silly addNameRange     '5.8.20',
27 silly addNameRange     '5.8.21',
27 silly addNameRange     '5.8.23' ] ]
28 silly addNamed babel@5.8.23
29 verbose addNamed "5.8.23" is a plain semver version for babel
30 silly cache afterAdd babel@5.8.23
31 verbose afterAdd C:\Users\Alexander\AppData\Roaming\npm-cache\babel\5.8.23\package\package.json not in flight; writing
32 verbose afterAdd C:\Users\Alexander\AppData\Roaming\npm-cache\babel\5.8.23\package\package.json written
33 silly install resolved [ { name: 'babel',
33 silly install resolved     version: '5.8.23',
33 silly install resolved     description: 'Turn ES6 code into readable vanilla ES5 with source maps',
33 silly install resolved     author: { name: 'Sebastian McKenzie', email: 'sebmck@gmail.com' },
33 silly install resolved     homepage: 'https://babeljs.io/',
33 silly install resolved     license: 'MIT',
33 silly install resolved     repository: { type: 'git', url: 'git+https://github.com/babel/babel.git' },
33 silly install resolved     preferGlobal: true,
33 silly install resolved     dependencies:
33 silly install resolved      { 'babel-core': '^5.6.21',
33 silly install resolved        chokidar: '^1.0.0',
33 silly install resolved        commander: '^2.6.0',
33 silly install resolved        'convert-source-map': '^1.1.0',
33 silly install resolved        'fs-readdir-recursive': '^0.1.0',
33 silly install resolved        glob: '^5.0.5',
33 silly install resolved        lodash: '^3.2.0',
33 silly install resolved        'output-file-sync': '^1.1.0',
33 silly install resolved        'path-exists': '^1.0.0',
33 silly install resolved        'path-is-absolute': '^1.0.0',
33 silly install resolved        'source-map': '^0.4.0',
33 silly install resolved        slash: '^1.0.0' },
33 silly install resolved     bin:
33 silly install resolved      { babel: './bin/babel.js',
33 silly install resolved        'babel-node': './bin/babel-node.js',
33 silly install resolved        'babel-external-helpers': './bin/babel-external-helpers.js',
33 silly install resolved        'babel-plugin': './bin/babel-plugin.js' },
33 silly install resolved     bugs: { url: 'https://github.com/babel/babel/issues' },
33 silly install resolved     _id: 'babel@5.8.23',
33 silly install resolved     scripts: {},
33 silly install resolved     _shasum: 'ccfc3fbb173ca2442f455d67793c28fd2a197d5d',
33 silly install resolved     _from: 'babel@*',
33 silly install resolved     _npmVersion: '2.11.3',
33 silly install resolved     _nodeVersion: '0.12.7',
33 silly install resolved     _npmUser: { name: 'sebmck', email: 'sebmck@gmail.com' },
33 silly install resolved     dist:
33 silly install resolved      { shasum: 'ccfc3fbb173ca2442f455d67793c28fd2a197d5d',
33 silly install resolved        tarball: 'http://registry.npmjs.org/babel/-/babel-5.8.23.tgz' },
33 silly install resolved     maintainers: [ [Object] ],
33 silly install resolved     directories: {},
33 silly install resolved     _resolved: 'https://registry.npmjs.org/babel/-/babel-5.8.23.tgz',
33 silly install resolved     readme: 'ERROR: No README data found!' } ]
34 info install babel@5.8.23 into C:\Program Files\nodejs
35 info installOne babel@5.8.23
36 verbose installOne of babel to C:\Program Files\nodejs not in flight; installing
37 verbose lock using C:\Users\Alexander\AppData\Roaming\npm-cache\_locks\babel-b7c0c9fdc7f0847c.lock for C:\Program Files\nodejs\node_modules\babel
38 silly install write writing babel 5.8.23 to C:\Program Files\nodejs\node_modules\babel
39 verbose unbuild node_modules\babel
40 silly gentlyRm C:\Program Files\nodejs\node_modules\babel is being purged from base C:\Program Files\nodejs
41 verbose gentlyRm don't care about contents; nuking C:\Program Files\nodejs\node_modules\babel
42 verbose tar unpack C:\Users\Alexander\AppData\Roaming\npm-cache\babel\5.8.23\package.tgz
43 verbose tar unpacking to C:\Program Files\nodejs\node_modules\babel
44 silly gentlyRm C:\Program Files\nodejs\node_modules\babel is being purged
45 verbose gentlyRm don't care about contents; nuking C:\Program Files\nodejs\node_modules\babel
46 silly gunzTarPerm modes [ '777', '666' ]
47 error tar.unpack untar error C:\Users\Alexander\AppData\Roaming\npm-cache\babel\5.8.23\package.tgz
48 verbose unlock done using C:\Users\Alexander\AppData\Roaming\npm-cache\_locks\babel-b7c0c9fdc7f0847c.lock for C:\Program Files\nodejs\node_modules\babel
49 verbose fstream_path C:\Program Files\nodejs\node_modules\babel
50 verbose fstream_type Directory
51 verbose fstream_class DirWriter
52 verbose stack Error: EPERM: operation not permitted, mkdir 'C:\Program Files\nodejs\node_modules\babel'
52 verbose stack     at Error (native)
53 verbose fstream_stack C:\Users\Alexander\AppData\Roaming\npm\node_modules\npm\node_modules\fstream\lib\dir-writer.js:35:25
53 verbose fstream_stack C:\Users\Alexander\AppData\Roaming\npm\node_modules\npm\node_modules\mkdirp\index.js:47:53
53 verbose fstream_stack FSReqWrap.oncomplete (fs.js:82:15)
54 verbose cwd C:\Users\Alexander\Dropbox\hi\haust2015\reiknigreind\hv1\data_retriever
55 error Windows_NT 10.0.10240
56 error argv "C:\\Program Files\\nodejs\\node.exe" "C:\\Users\\Alexander\\AppData\\Roaming\\npm\\node_modules\\npm\\bin\\npm-cli.js" "install" "-g" "babel"
57 error node v4.0.0
58 error npm  v2.11.2
59 error path C:\Program Files\nodejs\node_modules\babel
60 error code EPERM
61 error errno -4048
62 error syscall mkdir
63 error Error: EPERM: operation not permitted, mkdir 'C:\Program Files\nodejs\node_modules\babel'
63 error     at Error (native)
63 error  { [Error: EPERM: operation not permitted, mkdir 'C:\Program Files\nodejs\node_modules\babel']
63 error   errno: -4048,
63 error   code: 'EPERM',
63 error   syscall: 'mkdir',
63 error   path: 'C:\\Program Files\\nodejs\\node_modules\\babel',
63 error   fstream_type: 'Directory',
63 error   fstream_path: 'C:\\Program Files\\nodejs\\node_modules\\babel',
63 error   fstream_class: 'DirWriter',
63 error   fstream_stack:
63 error    [ 'C:\\Users\\Alexander\\AppData\\Roaming\\npm\\node_modules\\npm\\node_modules\\fstream\\lib\\dir-writer.js:35:25',
63 error      'C:\\Users\\Alexander\\AppData\\Roaming\\npm\\node_modules\\npm\\node_modules\\mkdirp\\index.js:47:53',
63 error      'FSReqWrap.oncomplete (fs.js:82:15)' ] }
64 error Please try running this command again as root/Administrator.
65 verbose exit [ -4048, true ]
66 verbose unbuild node_modules\babel
67 silly gentlyRm C:\Program Files\nodejs\node_modules\babel is being purged from base C:\Program Files\nodejs
68 verbose gentlyRm don't care about contents; nuking C:\Program Files\nodejs\node_modules\babel
